
> builder@ build D:\Work\chatly\typebot.io-main\apps\builder
> dotenv -e ./.env -e ../../.env -- next build

 ⚠ You are using a non-standard "NODE_ENV" value in your environment. This creates inconsistencies in the project and is strongly advised against. Read more: https://nextjs.org/docs/messages/non-standard-node-env
- event [next-runtime-env] read environment variables prefixed with 'NEXT_PUBLIC_' from process.env.
- ready [next-runtime-env] wrote browser runtime environment variables to 'D:\Work\chatly\typebot.io-main\apps\builder/public/__ENV.js'.
 ⚠ i18n configuration in next.config.mjs is unsupported in App Router.
Learn more about internationalization in App Router: https://nextjs.org/docs/app/building-your-application/routing/internationalization
   ▲ Next.js 15.5.9

   Creating an optimized production build ...
Failed to compile.

./src/features/blocks/bubbles/textBubble/plateUIPlugins.tsx
Module not found: Can't resolve '@typebot.io/rich-text/plate/basic-nodes/react'

https://nextjs.org/docs/messages/module-not-found

Import trace for requested module:
./src/features/blocks/bubbles/textBubble/components/TextBubbleEditor.tsx
./src/features/graph/components/nodes/block/BlockNode.tsx
./src/features/graph/components/nodes/block/BlockNodesList.tsx
./src/features/graph/components/nodes/group/GroupNode.tsx
./src/features/graph/components/GraphElements.tsx
./src/features/graph/components/Graph.tsx
./src/features/editor/components/EditorPage.tsx
./src/pages/typebots/[typebotId]/edit.tsx


> Build failed because of webpack errors
 ELIFECYCLE  Command failed with exit code 1.
